2025-10-13 21:19:24,962 - INFO - Conexão com o PostgreSQL bem-sucedida.
2025-10-13 21:19:24,986 - INFO - Encontradas 21 fontes para processar.
2025-10-13 21:19:24,987 - INFO - --- Iniciando pipeline para URN: br;go;estadual;emenda.constitucional;2017-09-12;55 ---
2025-10-13 21:19:24,997 - INFO - Executando comando: python3 src/parser/main.py --manifest tmp_analise/temp_manifest_br_go_estadual_emenda.constitucional_2017-09-12_55.json --outdir src/parser/output --logs src/parser/logs
2025-10-13 21:19:37,118 - INFO - Comando executado com sucesso.
2025-10-13 21:19:37,121 - INFO - Executando comando: python3 src/normalizer/normalizer.py --input src/parser/output/br_go_estadual_emenda.constitucional_2017-09-12_55_recursivo.json --outdir src/normalizer/output --logdir src/normalizer/logs
2025-10-13 21:19:37,676 - INFO - Comando executado com sucesso.
2025-10-13 21:19:37,677 - INFO - Executando comando: python3 src/loader/loader.py --input src/normalizer/output/br_go_estadual_emenda.constitucional_2017-09-12_55_normalizado.json
2025-10-13 21:19:46,712 - ERROR - Comando falhou com código de saída 1
2025-10-13 21:19:46,715 - ERROR - STDOUT: Iniciando carga no PostgreSQL...
Ato Normativo inserido com ID: 898bda83-dc4a-49f3-ad71-8f308e92e0b2

2025-10-13 21:19:46,715 - ERROR - STDERR: Traceback (most recent call last):
  File "/Users/tomazetti/Projetos/ceigep-atlas-data/src/loader/loader.py", line 166, in <module>
    main(args.input)
  File "/Users/tomazetti/Projetos/ceigep-atlas-data/src/loader/loader.py", line 144, in main
    insert_postgres(conn_pg, data)
  File "/Users/tomazetti/Projetos/ceigep-atlas-data/src/loader/loader.py", line 72, in insert_postgres
    insert_dispositivos_recursivo(data['dispositivos'], None, formatted_date)
  File "/Users/tomazetti/Projetos/ceigep-atlas-data/src/loader/loader.py", line 68, in insert_dispositivos_recursivo
    insert_dispositivos_recursivo(disp['filhos'], disp_id, p_formatted_date)
  File "/Users/tomazetti/Projetos/ceigep-atlas-data/src/loader/loader.py", line 61, in insert_dispositivos_recursivo
    cursor.execute(
ValueError: A string literal cannot contain NUL (0x00) characters.

2025-10-13 21:19:46,742 - INFO - Status da fonte 44c232ea-a514-4bf1-8845-668aba5aad7b atualizado para 'FALHA'.
2025-10-13 21:19:46,742 - INFO - --- Iniciando pipeline para URN: br;go;estadual;emenda.constitucional;2021-06-30;69 ---
2025-10-13 21:19:46,745 - INFO - Executando comando: python3 src/parser/main.py --manifest tmp_analise/temp_manifest_br_go_estadual_emenda.constitucional_2021-06-30_69.json --outdir src/parser/output --logs src/parser/logs
2025-10-13 21:19:50,124 - INFO - Comando executado com sucesso.
2025-10-13 21:19:50,124 - INFO - Executando comando: python3 src/normalizer/normalizer.py --input src/parser/output/br_go_estadual_emenda.constitucional_2021-06-30_69_recursivo.json --outdir src/normalizer/output --logdir src/normalizer/logs
2025-10-13 21:19:50,279 - INFO - Comando executado com sucesso.
2025-10-13 21:19:50,279 - INFO - Executando comando: python3 src/loader/loader.py --input src/normalizer/output/br_go_estadual_emenda.constitucional_2021-06-30_69_normalizado.json
2025-10-13 21:21:01,428 - INFO - Comando executado com sucesso.
2025-10-13 21:21:01,433 - INFO - Executando comando: python3 src/integrity_checker/checker.py --manifest tmp_analise/temp_manifest_br_go_estadual_emenda.constitucional_2021-06-30_69.json
2025-10-13 21:21:05,117 - INFO - Comando executado com sucesso.
2025-10-13 21:21:05,123 - INFO - Status da fonte b2a90793-e79f-493d-839d-2e8d41e930ed atualizado para 'PROCESSADO'.
2025-10-13 21:21:05,131 - INFO - --- Pipeline para URN: br;go;estadual;emenda.constitucional;2021-06-30;69 concluído com sucesso ---
2025-10-13 21:21:05,131 - INFO - --- Iniciando pipeline para URN: br;go;estadual;emenda.constitucional;2020-12-28;68 ---
2025-10-13 21:21:05,134 - INFO - Executando comando: python3 src/parser/main.py --manifest tmp_analise/temp_manifest_br_go_estadual_emenda.constitucional_2020-12-28_68.json --outdir src/parser/output --logs src/parser/logs
2025-10-13 21:21:19,787 - INFO - Comando executado com sucesso.
2025-10-13 21:21:19,788 - INFO - Executando comando: python3 src/normalizer/normalizer.py --input src/parser/output/br_go_estadual_emenda.constitucional_2020-12-28_68_recursivo.json --outdir src/normalizer/output --logdir src/normalizer/logs
2025-10-13 21:21:20,428 - INFO - Comando executado com sucesso.
2025-10-13 21:21:20,428 - INFO - Executando comando: python3 src/loader/loader.py --input src/normalizer/output/br_go_estadual_emenda.constitucional_2020-12-28_68_normalizado.json
2025-10-13 21:27:20,370 - INFO - Comando executado com sucesso.
2025-10-13 21:27:20,373 - INFO - Executando comando: python3 src/integrity_checker/checker.py --manifest tmp_analise/temp_manifest_br_go_estadual_emenda.constitucional_2020-12-28_68.json
2025-10-13 21:27:22,968 - INFO - Comando executado com sucesso.
2025-10-13 21:27:22,977 - INFO - Status da fonte 3788d962-63e7-41e7-9f8a-099c8d31ca93 atualizado para 'PROCESSADO'.
2025-10-13 21:27:22,979 - INFO - --- Pipeline para URN: br;go;estadual;emenda.constitucional;2020-12-28;68 concluído com sucesso ---
2025-10-13 21:27:22,979 - INFO - --- Iniciando pipeline para URN: br;go;estadual;emenda.constitucional;2019-12-21;65 ---
2025-10-13 21:27:22,983 - INFO - Executando comando: python3 src/parser/main.py --manifest tmp_analise/temp_manifest_br_go_estadual_emenda.constitucional_2019-12-21_65.json --outdir src/parser/output --logs src/parser/logs
2025-10-13 21:27:24,804 - INFO - Comando executado com sucesso.
2025-10-13 21:27:24,804 - INFO - Executando comando: python3 src/normalizer/normalizer.py --input src/parser/output/br_go_estadual_emenda.constitucional_2019-12-21_65_recursivo.json --outdir src/normalizer/output --logdir src/normalizer/logs
2025-10-13 21:27:24,889 - INFO - Comando executado com sucesso.
2025-10-13 21:27:24,890 - INFO - Executando comando: python3 src/loader/loader.py --input src/normalizer/output/br_go_estadual_emenda.constitucional_2019-12-21_65_normalizado.json
2025-10-13 21:27:30,726 - INFO - Comando executado com sucesso.
2025-10-13 21:27:30,726 - INFO - Executando comando: python3 src/integrity_checker/checker.py --manifest tmp_analise/temp_manifest_br_go_estadual_emenda.constitucional_2019-12-21_65.json
2025-10-13 21:27:32,630 - INFO - Comando executado com sucesso.
2025-10-13 21:27:32,634 - INFO - Status da fonte feb88a50-6f0a-4b55-acff-43483b5072f0 atualizado para 'PROCESSADO'.
2025-10-13 21:27:32,635 - INFO - --- Pipeline para URN: br;go;estadual;emenda.constitucional;2019-12-21;65 concluído com sucesso ---
2025-10-13 21:27:32,635 - INFO - --- Iniciando pipeline para URN: br;go;estadual;emenda.constitucional;2024-02-21;80 ---
2025-10-13 21:27:32,637 - INFO - Executando comando: python3 src/parser/main.py --manifest tmp_analise/temp_manifest_br_go_estadual_emenda.constitucional_2024-02-21_80.json --outdir src/parser/output --logs src/parser/logs
2025-10-13 21:27:34,127 - INFO - Comando executado com sucesso.
2025-10-13 21:27:34,127 - INFO - Executando comando: python3 src/normalizer/normalizer.py --input src/parser/output/br_go_estadual_emenda.constitucional_2024-02-21_80_recursivo.json --outdir src/normalizer/output --logdir src/normalizer/logs
2025-10-13 21:27:34,231 - INFO - Comando executado com sucesso.
2025-10-13 21:27:34,231 - INFO - Executando comando: python3 src/loader/loader.py --input src/normalizer/output/br_go_estadual_emenda.constitucional_2024-02-21_80_normalizado.json
2025-10-13 21:27:40,658 - INFO - Comando executado com sucesso.
2025-10-13 21:27:40,659 - INFO - Executando comando: python3 src/integrity_checker/checker.py --manifest tmp_analise/temp_manifest_br_go_estadual_emenda.constitucional_2024-02-21_80.json
2025-10-13 21:27:42,469 - INFO - Comando executado com sucesso.
2025-10-13 21:27:42,474 - INFO - Status da fonte 4c15a45c-c007-450a-9cce-5d6c41371210 atualizado para 'PROCESSADO'.
2025-10-13 21:27:42,474 - INFO - --- Pipeline para URN: br;go;estadual;emenda.constitucional;2024-02-21;80 concluído com sucesso ---
2025-10-13 21:27:42,474 - INFO - --- Iniciando pipeline para URN: br;go;estadual;emenda.constitucional;2020-12-17;66 ---
2025-10-13 21:27:42,477 - INFO - Executando comando: python3 src/parser/main.py --manifest tmp_analise/temp_manifest_br_go_estadual_emenda.constitucional_2020-12-17_66.json --outdir src/parser/output --logs src/parser/logs
2025-10-13 21:27:45,651 - INFO - Comando executado com sucesso.
2025-10-13 21:27:45,651 - INFO - Executando comando: python3 src/normalizer/normalizer.py --input src/parser/output/br_go_estadual_emenda.constitucional_2020-12-17_66_recursivo.json --outdir src/normalizer/output --logdir src/normalizer/logs
2025-10-13 21:27:45,898 - INFO - Comando executado com sucesso.
2025-10-13 21:27:45,898 - INFO - Executando comando: python3 src/loader/loader.py --input src/normalizer/output/br_go_estadual_emenda.constitucional_2020-12-17_66_normalizado.json
2025-10-13 21:28:41,519 - INFO - Comando executado com sucesso.
2025-10-13 21:28:41,522 - INFO - Executando comando: python3 src/integrity_checker/checker.py --manifest tmp_analise/temp_manifest_br_go_estadual_emenda.constitucional_2020-12-17_66.json
2025-10-13 21:28:44,018 - INFO - Comando executado com sucesso.
2025-10-13 21:28:44,030 - INFO - Status da fonte f9777edd-1ddb-49ce-9e2f-d3fa44cdd375 atualizado para 'PROCESSADO'.
2025-10-13 21:28:44,031 - INFO - --- Pipeline para URN: br;go;estadual;emenda.constitucional;2020-12-17;66 concluído com sucesso ---
2025-10-13 21:28:44,031 - INFO - --- Iniciando pipeline para URN: br;go;estadual;emenda.constitucional;2024-02-21;81 ---
2025-10-13 21:28:44,035 - INFO - Executando comando: python3 src/parser/main.py --manifest tmp_analise/temp_manifest_br_go_estadual_emenda.constitucional_2024-02-21_81.json --outdir src/parser/output --logs src/parser/logs
2025-10-13 21:28:45,714 - INFO - Comando executado com sucesso.
2025-10-13 21:28:45,714 - INFO - Executando comando: python3 src/normalizer/normalizer.py --input src/parser/output/br_go_estadual_emenda.constitucional_2024-02-21_81_recursivo.json --outdir src/normalizer/output --logdir src/normalizer/logs
2025-10-13 21:28:45,809 - INFO - Comando executado com sucesso.
2025-10-13 21:28:45,809 - INFO - Executando comando: python3 src/loader/loader.py --input src/normalizer/output/br_go_estadual_emenda.constitucional_2024-02-21_81_normalizado.json
2025-10-13 21:28:51,205 - INFO - Comando executado com sucesso.
2025-10-13 21:28:51,207 - INFO - Executando comando: python3 src/integrity_checker/checker.py --manifest tmp_analise/temp_manifest_br_go_estadual_emenda.constitucional_2024-02-21_81.json
2025-10-13 21:28:52,448 - INFO - Comando executado com sucesso.
2025-10-13 21:28:52,455 - INFO - Status da fonte 10316338-0265-4f89-98a3-1a303d0cb4fe atualizado para 'PROCESSADO'.
2025-10-13 21:28:52,455 - INFO - --- Pipeline para URN: br;go;estadual;emenda.constitucional;2024-02-21;81 concluído com sucesso ---
2025-10-13 21:28:52,456 - INFO - --- Iniciando pipeline para URN: br;go;estadual;emenda.constitucional;2024-04-16;82 ---
2025-10-13 21:28:52,457 - INFO - Executando comando: python3 src/parser/main.py --manifest tmp_analise/temp_manifest_br_go_estadual_emenda.constitucional_2024-04-16_82.json --outdir src/parser/output --logs src/parser/logs
2025-10-13 21:28:53,746 - INFO - Comando executado com sucesso.
2025-10-13 21:28:53,746 - INFO - Executando comando: python3 src/normalizer/normalizer.py --input src/parser/output/br_go_estadual_emenda.constitucional_2024-04-16_82_recursivo.json --outdir src/normalizer/output --logdir src/normalizer/logs
2025-10-13 21:28:53,839 - INFO - Comando executado com sucesso.
2025-10-13 21:28:53,840 - INFO - Executando comando: python3 src/loader/loader.py --input src/normalizer/output/br_go_estadual_emenda.constitucional_2024-04-16_82_normalizado.json
2025-10-13 21:28:57,511 - INFO - Comando executado com sucesso.
2025-10-13 21:28:57,513 - INFO - Executando comando: python3 src/integrity_checker/checker.py --manifest tmp_analise/temp_manifest_br_go_estadual_emenda.constitucional_2024-04-16_82.json
2025-10-13 21:28:58,676 - INFO - Comando executado com sucesso.
2025-10-13 21:28:58,681 - INFO - Status da fonte 62b65318-60f0-47c5-aecb-70d584a625df atualizado para 'PROCESSADO'.
2025-10-13 21:28:58,682 - INFO - --- Pipeline para URN: br;go;estadual;emenda.constitucional;2024-04-16;82 concluído com sucesso ---
2025-10-13 21:28:58,682 - INFO - --- Iniciando pipeline para URN: br;go;estadual;emenda.constitucional;2022-12-15;74 ---
2025-10-13 21:28:58,684 - INFO - Executando comando: python3 src/parser/main.py --manifest tmp_analise/temp_manifest_br_go_estadual_emenda.constitucional_2022-12-15_74.json --outdir src/parser/output --logs src/parser/logs
2025-10-13 21:29:01,347 - INFO - Comando executado com sucesso.
2025-10-13 21:29:01,347 - INFO - Executando comando: python3 src/normalizer/normalizer.py --input src/parser/output/br_go_estadual_emenda.constitucional_2022-12-15_74_recursivo.json --outdir src/normalizer/output --logdir src/normalizer/logs
2025-10-13 21:29:01,563 - INFO - Comando executado com sucesso.
2025-10-13 21:29:01,564 - INFO - Executando comando: python3 src/loader/loader.py --input src/normalizer/output/br_go_estadual_emenda.constitucional_2022-12-15_74_normalizado.json
2025-10-13 21:30:04,671 - INFO - Comando executado com sucesso.
2025-10-13 21:30:04,671 - INFO - Executando comando: python3 src/integrity_checker/checker.py --manifest tmp_analise/temp_manifest_br_go_estadual_emenda.constitucional_2022-12-15_74.json
2025-10-13 21:30:06,871 - INFO - Comando executado com sucesso.
2025-10-13 21:30:06,876 - INFO - Status da fonte b9f12444-0fba-44e0-9323-4deb28c9cd46 atualizado para 'PROCESSADO'.
2025-10-13 21:30:06,877 - INFO - --- Pipeline para URN: br;go;estadual;emenda.constitucional;2022-12-15;74 concluído com sucesso ---
2025-10-13 21:30:06,877 - INFO - --- Iniciando pipeline para URN: br;go;estadual;emenda.constitucional;2019-07-26;60 ---
2025-10-13 21:30:06,881 - INFO - Executando comando: python3 src/parser/main.py --manifest tmp_analise/temp_manifest_br_go_estadual_emenda.constitucional_2019-07-26_60.json --outdir src/parser/output --logs src/parser/logs
2025-10-13 21:30:10,119 - INFO - Comando executado com sucesso.
2025-10-13 21:30:10,119 - INFO - Executando comando: python3 src/normalizer/normalizer.py --input src/parser/output/br_go_estadual_emenda.constitucional_2019-07-26_60_recursivo.json --outdir src/normalizer/output --logdir src/normalizer/logs
2025-10-13 21:30:10,283 - INFO - Comando executado com sucesso.
2025-10-13 21:30:10,284 - INFO - Executando comando: python3 src/loader/loader.py --input src/normalizer/output/br_go_estadual_emenda.constitucional_2019-07-26_60_normalizado.json
2025-10-13 21:30:45,385 - INFO - Comando executado com sucesso.
2025-10-13 21:30:45,385 - INFO - Executando comando: python3 src/integrity_checker/checker.py --manifest tmp_analise/temp_manifest_br_go_estadual_emenda.constitucional_2019-07-26_60.json
2025-10-13 21:30:48,060 - INFO - Comando executado com sucesso.
2025-10-13 21:30:48,066 - INFO - Status da fonte 6638165f-5249-4c21-8051-c32a908e48a9 atualizado para 'PROCESSADO'.
2025-10-13 21:30:48,067 - INFO - --- Pipeline para URN: br;go;estadual;emenda.constitucional;2019-07-26;60 concluído com sucesso ---
2025-10-13 21:30:48,067 - INFO - --- Iniciando pipeline para URN: br;go;estadual;emenda.constitucional;2018-04-25;56 ---
2025-10-13 21:30:48,069 - INFO - Executando comando: python3 src/parser/main.py --manifest tmp_analise/temp_manifest_br_go_estadual_emenda.constitucional_2018-04-25_56.json --outdir src/parser/output --logs src/parser/logs
2025-10-13 21:30:49,934 - INFO - Comando executado com sucesso.
2025-10-13 21:30:49,934 - INFO - Executando comando: python3 src/normalizer/normalizer.py --input src/parser/output/br_go_estadual_emenda.constitucional_2018-04-25_56_recursivo.json --outdir src/normalizer/output --logdir src/normalizer/logs
2025-10-13 21:30:50,030 - INFO - Comando executado com sucesso.
2025-10-13 21:30:50,030 - INFO - Executando comando: python3 src/loader/loader.py --input src/normalizer/output/br_go_estadual_emenda.constitucional_2018-04-25_56_normalizado.json
2025-10-13 21:30:52,507 - INFO - Comando executado com sucesso.
2025-10-13 21:30:52,507 - INFO - Executando comando: python3 src/integrity_checker/checker.py --manifest tmp_analise/temp_manifest_br_go_estadual_emenda.constitucional_2018-04-25_56.json
2025-10-13 21:30:53,667 - INFO - Comando executado com sucesso.
2025-10-13 21:30:53,671 - INFO - Status da fonte 98a193c3-282c-4031-b5cd-a6defef8a225 atualizado para 'PROCESSADO'.
2025-10-13 21:30:53,672 - INFO - --- Pipeline para URN: br;go;estadual;emenda.constitucional;2018-04-25;56 concluído com sucesso ---
2025-10-13 21:30:53,672 - INFO - --- Iniciando pipeline para URN: br;go;estadual;emenda.constitucional;2015-05-27;51 ---
2025-10-13 21:30:53,675 - INFO - Executando comando: python3 src/parser/main.py --manifest tmp_analise/temp_manifest_br_go_estadual_emenda.constitucional_2015-05-27_51.json --outdir src/parser/output --logs src/parser/logs
2025-10-13 21:30:55,960 - INFO - Comando executado com sucesso.
2025-10-13 21:30:55,961 - INFO - Executando comando: python3 src/normalizer/normalizer.py --input src/parser/output/br_go_estadual_emenda.constitucional_2015-05-27_51_recursivo.json --outdir src/normalizer/output --logdir src/normalizer/logs
2025-10-13 21:30:56,105 - INFO - Comando executado com sucesso.
2025-10-13 21:30:56,105 - INFO - Executando comando: python3 src/loader/loader.py --input src/normalizer/output/br_go_estadual_emenda.constitucional_2015-05-27_51_normalizado.json
2025-10-13 21:31:19,229 - INFO - Comando executado com sucesso.
2025-10-13 21:31:19,229 - INFO - Executando comando: python3 src/integrity_checker/checker.py --manifest tmp_analise/temp_manifest_br_go_estadual_emenda.constitucional_2015-05-27_51.json
2025-10-13 21:31:20,633 - INFO - Comando executado com sucesso.
2025-10-13 21:31:20,640 - INFO - Status da fonte 23cce80b-3c50-4e16-bd73-02ef00844bef atualizado para 'PROCESSADO'.
2025-10-13 21:31:20,640 - INFO - --- Pipeline para URN: br;go;estadual;emenda.constitucional;2015-05-27;51 concluído com sucesso ---
2025-10-13 21:31:20,640 - INFO - --- Iniciando pipeline para URN: br;go;estadual;emenda.constitucional;2020-12-28;67 ---
2025-10-13 21:31:20,642 - INFO - Executando comando: python3 src/parser/main.py --manifest tmp_analise/temp_manifest_br_go_estadual_emenda.constitucional_2020-12-28_67.json --outdir src/parser/output --logs src/parser/logs
2025-10-13 21:31:31,641 - INFO - Comando executado com sucesso.
2025-10-13 21:31:31,641 - INFO - Executando comando: python3 src/normalizer/normalizer.py --input src/parser/output/br_go_estadual_emenda.constitucional_2020-12-28_67_recursivo.json --outdir src/normalizer/output --logdir src/normalizer/logs
2025-10-13 21:31:32,447 - INFO - Comando executado com sucesso.
2025-10-13 21:31:32,447 - INFO - Executando comando: python3 src/loader/loader.py --input src/normalizer/output/br_go_estadual_emenda.constitucional_2020-12-28_67_normalizado.json
2025-10-13 21:37:21,499 - INFO - Comando executado com sucesso.
2025-10-13 21:37:21,502 - INFO - Executando comando: python3 src/integrity_checker/checker.py --manifest tmp_analise/temp_manifest_br_go_estadual_emenda.constitucional_2020-12-28_67.json
2025-10-13 21:37:23,979 - INFO - Comando executado com sucesso.
2025-10-13 21:37:23,986 - INFO - Status da fonte 06b9c215-aaa0-4e0b-a09b-ea013e1da03b atualizado para 'PROCESSADO'.
2025-10-13 21:37:23,989 - INFO - --- Pipeline para URN: br;go;estadual;emenda.constitucional;2020-12-28;67 concluído com sucesso ---
2025-10-13 21:37:23,989 - INFO - --- Iniciando pipeline para URN: br;go;estadual;emenda.constitucional;2016-12-21;53 ---
2025-10-13 21:37:23,993 - INFO - Executando comando: python3 src/parser/main.py --manifest tmp_analise/temp_manifest_br_go_estadual_emenda.constitucional_2016-12-21_53.json --outdir src/parser/output --logs src/parser/logs
2025-10-13 21:37:28,125 - INFO - Comando executado com sucesso.
2025-10-13 21:37:28,125 - INFO - Executando comando: python3 src/normalizer/normalizer.py --input src/parser/output/br_go_estadual_emenda.constitucional_2016-12-21_53_recursivo.json --outdir src/normalizer/output --logdir src/normalizer/logs
2025-10-13 21:37:28,531 - INFO - Comando executado com sucesso.
2025-10-13 21:37:28,537 - INFO - Executando comando: python3 src/loader/loader.py --input src/normalizer/output/br_go_estadual_emenda.constitucional_2016-12-21_53_normalizado.json
2025-10-13 21:39:35,191 - INFO - Comando executado com sucesso.
2025-10-13 21:39:35,192 - INFO - Executando comando: python3 src/integrity_checker/checker.py --manifest tmp_analise/temp_manifest_br_go_estadual_emenda.constitucional_2016-12-21_53.json
2025-10-13 21:39:37,656 - INFO - Comando executado com sucesso.
2025-10-13 21:39:37,663 - INFO - Status da fonte 7d9b6c9d-519a-4584-a50b-ec263f0d86d5 atualizado para 'PROCESSADO'.
2025-10-13 21:39:37,666 - INFO - --- Pipeline para URN: br;go;estadual;emenda.constitucional;2016-12-21;53 concluído com sucesso ---
2025-10-13 21:39:37,666 - INFO - --- Iniciando pipeline para URN: br;go;estadual;emenda.constitucional;2019-10-29;62 ---
2025-10-13 21:39:37,670 - INFO - Executando comando: python3 src/parser/main.py --manifest tmp_analise/temp_manifest_br_go_estadual_emenda.constitucional_2019-10-29_62.json --outdir src/parser/output --logs src/parser/logs
2025-10-13 21:39:41,256 - INFO - Comando executado com sucesso.
2025-10-13 21:39:41,256 - INFO - Executando comando: python3 src/normalizer/normalizer.py --input src/parser/output/br_go_estadual_emenda.constitucional_2019-10-29_62_recursivo.json --outdir src/normalizer/output --logdir src/normalizer/logs
2025-10-13 21:39:41,606 - INFO - Comando executado com sucesso.
2025-10-13 21:39:41,606 - INFO - Executando comando: python3 src/loader/loader.py --input src/normalizer/output/br_go_estadual_emenda.constitucional_2019-10-29_62_normalizado.json
2025-10-13 21:41:54,754 - INFO - Comando executado com sucesso.
2025-10-13 21:41:54,756 - INFO - Executando comando: python3 src/integrity_checker/checker.py --manifest tmp_analise/temp_manifest_br_go_estadual_emenda.constitucional_2019-10-29_62.json
2025-10-13 21:41:57,110 - INFO - Comando executado com sucesso.
2025-10-13 21:41:57,116 - INFO - Status da fonte 49f1db0d-f6b6-4de7-9567-34b92f1174ca atualizado para 'PROCESSADO'.
2025-10-13 21:41:57,119 - INFO - --- Pipeline para URN: br;go;estadual;emenda.constitucional;2019-10-29;62 concluído com sucesso ---
2025-10-13 21:41:57,119 - INFO - --- Iniciando pipeline para URN: br;go;estadual;emenda.constitucional;2024-02-21;79 ---
2025-10-13 21:41:57,122 - INFO - Executando comando: python3 src/parser/main.py --manifest tmp_analise/temp_manifest_br_go_estadual_emenda.constitucional_2024-02-21_79.json --outdir src/parser/output --logs src/parser/logs
2025-10-13 21:41:58,973 - INFO - Comando executado com sucesso.
2025-10-13 21:41:58,974 - INFO - Executando comando: python3 src/normalizer/normalizer.py --input src/parser/output/br_go_estadual_emenda.constitucional_2024-02-21_79_recursivo.json --outdir src/normalizer/output --logdir src/normalizer/logs
2025-10-13 21:41:59,070 - INFO - Comando executado com sucesso.
2025-10-13 21:41:59,070 - INFO - Executando comando: python3 src/loader/loader.py --input src/normalizer/output/br_go_estadual_emenda.constitucional_2024-02-21_79_normalizado.json
2025-10-13 21:42:04,211 - INFO - Comando executado com sucesso.
2025-10-13 21:42:04,211 - INFO - Executando comando: python3 src/integrity_checker/checker.py --manifest tmp_analise/temp_manifest_br_go_estadual_emenda.constitucional_2024-02-21_79.json
2025-10-13 21:42:05,449 - INFO - Comando executado com sucesso.
2025-10-13 21:42:05,454 - INFO - Status da fonte 1c798ed4-7813-4d86-9465-a9b42b80b304 atualizado para 'PROCESSADO'.
2025-10-13 21:42:05,455 - INFO - --- Pipeline para URN: br;go;estadual;emenda.constitucional;2024-02-21;79 concluído com sucesso ---
2025-10-13 21:42:05,455 - INFO - --- Iniciando pipeline para URN: br;go;estadual;emenda.constitucional;2015-11-17;52 ---
2025-10-13 21:42:05,457 - INFO - Executando comando: python3 src/parser/main.py --manifest tmp_analise/temp_manifest_br_go_estadual_emenda.constitucional_2015-11-17_52.json --outdir src/parser/output --logs src/parser/logs
2025-10-13 21:42:07,164 - INFO - Comando executado com sucesso.
2025-10-13 21:42:07,164 - INFO - Executando comando: python3 src/normalizer/normalizer.py --input src/parser/output/br_go_estadual_emenda.constitucional_2015-11-17_52_recursivo.json --outdir src/normalizer/output --logdir src/normalizer/logs
2025-10-13 21:42:07,316 - INFO - Comando executado com sucesso.
2025-10-13 21:42:07,316 - INFO - Executando comando: python3 src/loader/loader.py --input src/normalizer/output/br_go_estadual_emenda.constitucional_2015-11-17_52_normalizado.json
2025-10-13 21:43:55,576 - INFO - Comando executado com sucesso.
2025-10-13 21:43:55,580 - INFO - Executando comando: python3 src/integrity_checker/checker.py --manifest tmp_analise/temp_manifest_br_go_estadual_emenda.constitucional_2015-11-17_52.json
2025-10-13 21:44:09,235 - INFO - Comando executado com sucesso.
2025-10-13 21:44:09,269 - INFO - Status da fonte dcd4d5be-8ae3-45c9-a2bf-1f6ab01de17a atualizado para 'PROCESSADO'.
2025-10-13 21:44:09,274 - INFO - --- Pipeline para URN: br;go;estadual;emenda.constitucional;2015-11-17;52 concluído com sucesso ---
2025-10-13 21:44:09,274 - INFO - --- Iniciando pipeline para URN: br;go;estadual;emenda.constitucional;2023-04-18;76 ---
2025-10-13 21:44:09,310 - INFO - Executando comando: python3 src/parser/main.py --manifest tmp_analise/temp_manifest_br_go_estadual_emenda.constitucional_2023-04-18_76.json --outdir src/parser/output --logs src/parser/logs
2025-10-13 21:44:15,220 - INFO - Comando executado com sucesso.
2025-10-13 21:44:15,222 - INFO - Executando comando: python3 src/normalizer/normalizer.py --input src/parser/output/br_go_estadual_emenda.constitucional_2023-04-18_76_recursivo.json --outdir src/normalizer/output --logdir src/normalizer/logs
2025-10-13 21:44:15,443 - INFO - Comando executado com sucesso.
2025-10-13 21:44:15,443 - INFO - Executando comando: python3 src/loader/loader.py --input src/normalizer/output/br_go_estadual_emenda.constitucional_2023-04-18_76_normalizado.json
2025-10-13 21:44:45,111 - INFO - Comando executado com sucesso.
2025-10-13 21:44:45,115 - INFO - Executando comando: python3 src/integrity_checker/checker.py --manifest tmp_analise/temp_manifest_br_go_estadual_emenda.constitucional_2023-04-18_76.json
2025-10-13 21:44:49,310 - INFO - Comando executado com sucesso.
2025-10-13 21:44:49,329 - INFO - Status da fonte df52f6b0-c6f6-4800-b443-8d320909b24e atualizado para 'PROCESSADO'.
2025-10-13 21:44:49,330 - INFO - --- Pipeline para URN: br;go;estadual;emenda.constitucional;2023-04-18;76 concluído com sucesso ---
2025-10-13 21:44:49,332 - INFO - --- Iniciando pipeline para URN: br;go;estadual;emenda.constitucional;2024-08-15;83 ---
2025-10-13 21:44:49,336 - INFO - Executando comando: python3 src/parser/main.py --manifest tmp_analise/temp_manifest_br_go_estadual_emenda.constitucional_2024-08-15_83.json --outdir src/parser/output --logs src/parser/logs
2025-10-13 21:44:52,725 - INFO - Comando executado com sucesso.
2025-10-13 21:44:52,726 - INFO - Executando comando: python3 src/normalizer/normalizer.py --input src/parser/output/br_go_estadual_emenda.constitucional_2024-08-15_83_recursivo.json --outdir src/normalizer/output --logdir src/normalizer/logs
2025-10-13 21:44:53,176 - INFO - Comando executado com sucesso.
2025-10-13 21:44:53,176 - INFO - Executando comando: python3 src/loader/loader.py --input src/normalizer/output/br_go_estadual_emenda.constitucional_2024-08-15_83_normalizado.json
2025-10-13 21:45:16,677 - INFO - Comando executado com sucesso.
2025-10-13 21:45:16,680 - INFO - Executando comando: python3 src/integrity_checker/checker.py --manifest tmp_analise/temp_manifest_br_go_estadual_emenda.constitucional_2024-08-15_83.json
2025-10-13 21:45:19,627 - INFO - Comando executado com sucesso.
2025-10-13 21:45:19,636 - INFO - Status da fonte ae0f765f-a77b-4c9c-b1d3-f4789f7da1ea atualizado para 'PROCESSADO'.
2025-10-13 21:45:19,637 - INFO - --- Pipeline para URN: br;go;estadual;emenda.constitucional;2024-08-15;83 concluído com sucesso ---
2025-10-13 21:45:19,637 - INFO - --- Iniciando pipeline para URN: br;go;estadual;emenda.constitucional;2024-11-14;84 ---
2025-10-13 21:45:19,639 - INFO - Executando comando: python3 src/parser/main.py --manifest tmp_analise/temp_manifest_br_go_estadual_emenda.constitucional_2024-11-14_84.json --outdir src/parser/output --logs src/parser/logs
2025-10-13 21:45:21,697 - INFO - Comando executado com sucesso.
2025-10-13 21:45:21,697 - INFO - Executando comando: python3 src/normalizer/normalizer.py --input src/parser/output/br_go_estadual_emenda.constitucional_2024-11-14_84_recursivo.json --outdir src/normalizer/output --logdir src/normalizer/logs
2025-10-13 21:45:21,801 - INFO - Comando executado com sucesso.
2025-10-13 21:45:21,801 - INFO - Executando comando: python3 src/loader/loader.py --input src/normalizer/output/br_go_estadual_emenda.constitucional_2024-11-14_84_normalizado.json
2025-10-13 21:45:43,910 - INFO - Comando executado com sucesso.
2025-10-13 21:45:43,918 - INFO - Executando comando: python3 src/integrity_checker/checker.py --manifest tmp_analise/temp_manifest_br_go_estadual_emenda.constitucional_2024-11-14_84.json
2025-10-13 21:45:47,032 - INFO - Comando executado com sucesso.
2025-10-13 21:45:47,057 - INFO - Status da fonte 9dc544f5-8f1f-4a47-a72e-96da2ba5ff3b atualizado para 'PROCESSADO'.
2025-10-13 21:45:47,058 - INFO - --- Pipeline para URN: br;go;estadual;emenda.constitucional;2024-11-14;84 concluído com sucesso ---
2025-10-13 21:45:47,058 - INFO - --- Iniciando pipeline para URN: br;go;estadual;emenda.constitucional;2021-12-16;71 ---
2025-10-13 21:45:47,059 - INFO - Executando comando: python3 src/parser/main.py --manifest tmp_analise/temp_manifest_br_go_estadual_emenda.constitucional_2021-12-16_71.json --outdir src/parser/output --logs src/parser/logs
2025-10-13 21:45:49,900 - INFO - Comando executado com sucesso.
2025-10-13 21:45:49,901 - INFO - Executando comando: python3 src/normalizer/normalizer.py --input src/parser/output/br_go_estadual_emenda.constitucional_2021-12-16_71_recursivo.json --outdir src/normalizer/output --logdir src/normalizer/logs
2025-10-13 21:45:50,043 - INFO - Comando executado com sucesso.
2025-10-13 21:45:50,044 - INFO - Executando comando: python3 src/loader/loader.py --input src/normalizer/output/br_go_estadual_emenda.constitucional_2021-12-16_71_normalizado.json
2025-10-13 21:46:35,315 - INFO - Comando executado com sucesso.
2025-10-13 21:46:35,318 - INFO - Executando comando: python3 src/integrity_checker/checker.py --manifest tmp_analise/temp_manifest_br_go_estadual_emenda.constitucional_2021-12-16_71.json
2025-10-13 21:46:37,950 - INFO - Comando executado com sucesso.
2025-10-13 21:46:37,957 - INFO - Status da fonte bd3b6aa5-25a3-4612-bbda-820d419c08a1 atualizado para 'PROCESSADO'.
2025-10-13 21:46:37,957 - INFO - --- Pipeline para URN: br;go;estadual;emenda.constitucional;2021-12-16;71 concluído com sucesso ---
2025-10-13 21:46:37,964 - INFO - Conexão com o PostgreSQL fechada.
